{"/Users/macbookpro/Documents/TimeOverGrow-new/components/Button.vue": {"path":"/Users/macbookpro/Documents/TimeOverGrow-new/components/Button.vue","statementMap":{"0":{"start":{"line":30,"column":0},"end":{"line":30,"column":null}},"1":{"start":{"line":35,"column":0},"end":{"line":37,"column":null}},"2":{"start":{"line":36,"column":0},"end":{"line":36,"column":null}},"3":{"start":{"line":38,"column":0},"end":{"line":40,"column":null}},"4":{"start":{"line":39,"column":0},"end":{"line":39,"column":null}},"5":{"start":{"line":41,"column":0},"end":{"line":41,"column":null}}},"fnMap":{"0":{"name":"(anonymous_1)","decl":{"start":{"line":29,"column":0},"end":{"line":29,"column":null}},"loc":{"start":{"line":29,"column":0},"end":{"line":31,"column":null}}},"1":{"name":"(anonymous_2)","decl":{"start":{"line":34,"column":0},"end":{"line":34,"column":null}},"loc":{"start":{"line":34,"column":0},"end":{"line":42,"column":null}}}},"branchMap":{"0":{"loc":{"start":{"line":35,"column":0},"end":{"line":37,"column":null}},"type":"if","locations":[{"start":{"line":35,"column":0},"end":{"line":37,"column":null}},{"start":{"line":35,"column":0},"end":{"line":37,"column":null}}]},"1":{"loc":{"start":{"line":35,"column":0},"end":{"line":35,"column":null}},"type":"binary-expr","locations":[{"start":{"line":35,"column":0},"end":{"line":35,"column":null}},{"start":{"line":35,"column":0},"end":{"line":35,"column":null}}]},"2":{"loc":{"start":{"line":38,"column":0},"end":{"line":40,"column":null}},"type":"if","locations":[{"start":{"line":38,"column":0},"end":{"line":40,"column":null}},{"start":{"line":38,"column":0},"end":{"line":40,"column":null}}]}},"s":{"0":1,"1":0,"2":0,"3":0,"4":0,"5":0},"f":{"0":1,"1":0},"b":{"0":[0,0],"1":[0,0],"2":[0,0]}}
,"/Users/macbookpro/Documents/TimeOverGrow-new/components/Chart.vue": {"path":"/Users/macbookpro/Documents/TimeOverGrow-new/components/Chart.vue","statementMap":{"0":{"start":{"line":2,"column":0},"end":{"line":2,"column":null}},"1":{"start":{"line":3,"column":0},"end":{"line":3,"column":null}},"2":{"start":{"line":16,"column":0},"end":{"line":16,"column":null}},"3":{"start":{"line":20,"column":0},"end":{"line":20,"column":null}}},"fnMap":{"0":{"name":"(anonymous_1)","decl":{"start":{"line":15,"column":0},"end":{"line":15,"column":null}},"loc":{"start":{"line":15,"column":0},"end":{"line":17,"column":null}}},"1":{"name":"(anonymous_2)","decl":{"start":{"line":19,"column":0},"end":{"line":19,"column":null}},"loc":{"start":{"line":19,"column":0},"end":{"line":21,"column":null}}}},"branchMap":{},"s":{"0":0,"1":0,"2":0,"3":0},"f":{"0":0,"1":0},"b":{}}
,"/Users/macbookpro/Documents/TimeOverGrow-new/components/DialogEdit.vue": {"path":"/Users/macbookpro/Documents/TimeOverGrow-new/components/DialogEdit.vue","statementMap":{"0":{"start":{"line":128,"column":0},"end":{"line":128,"column":null}},"1":{"start":{"line":129,"column":0},"end":{"line":129,"column":null}},"2":{"start":{"line":130,"column":0},"end":{"line":130,"column":null}},"3":{"start":{"line":155,"column":0},"end":{"line":155,"column":null}},"4":{"start":{"line":173,"column":0},"end":{"line":173,"column":null}},"5":{"start":{"line":176,"column":0},"end":{"line":176,"column":null}},"6":{"start":{"line":181,"column":0},"end":{"line":181,"column":null}},"7":{"start":{"line":184,"column":0},"end":{"line":184,"column":null}},"8":{"start":{"line":189,"column":0},"end":{"line":189,"column":null}},"9":{"start":{"line":192,"column":0},"end":{"line":192,"column":null}},"10":{"start":{"line":198,"column":0},"end":{"line":198,"column":null}},"11":{"start":{"line":199,"column":0},"end":{"line":208,"column":null}},"12":{"start":{"line":200,"column":0},"end":{"line":205,"column":null}},"13":{"start":{"line":201,"column":0},"end":{"line":201,"column":null}},"14":{"start":{"line":204,"column":0},"end":{"line":204,"column":null}},"15":{"start":{"line":206,"column":0},"end":{"line":206,"column":null}},"16":{"start":{"line":207,"column":0},"end":{"line":207,"column":null}},"17":{"start":{"line":212,"column":0},"end":{"line":217,"column":null}},"18":{"start":{"line":213,"column":0},"end":{"line":213,"column":null}},"19":{"start":{"line":214,"column":0},"end":{"line":214,"column":null}},"20":{"start":{"line":216,"column":0},"end":{"line":216,"column":null}},"21":{"start":{"line":221,"column":0},"end":{"line":221,"column":null}},"22":{"start":{"line":222,"column":0},"end":{"line":251,"column":null}},"23":{"start":{"line":223,"column":0},"end":{"line":223,"column":null}},"24":{"start":{"line":224,"column":0},"end":{"line":248,"column":null}},"25":{"start":{"line":225,"column":0},"end":{"line":225,"column":null}},"26":{"start":{"line":226,"column":0},"end":{"line":226,"column":null}},"27":{"start":{"line":227,"column":0},"end":{"line":247,"column":null}},"28":{"start":{"line":228,"column":0},"end":{"line":228,"column":null}},"29":{"start":{"line":229,"column":0},"end":{"line":232,"column":null}},"30":{"start":{"line":230,"column":0},"end":{"line":230,"column":null}},"31":{"start":{"line":231,"column":0},"end":{"line":231,"column":null}},"32":{"start":{"line":234,"column":0},"end":{"line":234,"column":null}},"33":{"start":{"line":235,"column":0},"end":{"line":237,"column":null}},"34":{"start":{"line":236,"column":0},"end":{"line":236,"column":null}},"35":{"start":{"line":238,"column":0},"end":{"line":240,"column":null}},"36":{"start":{"line":239,"column":0},"end":{"line":239,"column":null}},"37":{"start":{"line":242,"column":0},"end":{"line":242,"column":null}},"38":{"start":{"line":250,"column":0},"end":{"line":250,"column":null}},"39":{"start":{"line":255,"column":0},"end":{"line":255,"column":null}},"40":{"start":{"line":256,"column":0},"end":{"line":256,"column":null}},"41":{"start":{"line":262,"column":0},"end":{"line":265,"column":null}},"42":{"start":{"line":263,"column":0},"end":{"line":263,"column":null}},"43":{"start":{"line":264,"column":0},"end":{"line":264,"column":null}},"44":{"start":{"line":267,"column":0},"end":{"line":267,"column":null}},"45":{"start":{"line":271,"column":0},"end":{"line":271,"column":null}},"46":{"start":{"line":272,"column":0},"end":{"line":272,"column":null}},"47":{"start":{"line":275,"column":0},"end":{"line":275,"column":null}},"48":{"start":{"line":278,"column":0},"end":{"line":278,"column":null}},"49":{"start":{"line":281,"column":0},"end":{"line":281,"column":null}},"50":{"start":{"line":285,"column":0},"end":{"line":285,"column":null}},"51":{"start":{"line":286,"column":0},"end":{"line":286,"column":null}},"52":{"start":{"line":289,"column":0},"end":{"line":289,"column":null}},"53":{"start":{"line":292,"column":0},"end":{"line":292,"column":null}},"54":{"start":{"line":294,"column":0},"end":{"line":294,"column":null}},"55":{"start":{"line":296,"column":0},"end":{"line":298,"column":null}},"56":{"start":{"line":297,"column":0},"end":{"line":297,"column":null}},"57":{"start":{"line":300,"column":0},"end":{"line":300,"column":null}},"58":{"start":{"line":305,"column":0},"end":{"line":305,"column":null}},"59":{"start":{"line":307,"column":0},"end":{"line":307,"column":null}},"60":{"start":{"line":308,"column":0},"end":{"line":308,"column":null}},"61":{"start":{"line":309,"column":0},"end":{"line":309,"column":null}},"62":{"start":{"line":312,"column":0},"end":{"line":318,"column":null}},"63":{"start":{"line":313,"column":0},"end":{"line":313,"column":null}},"64":{"start":{"line":314,"column":0},"end":{"line":314,"column":null}},"65":{"start":{"line":316,"column":0},"end":{"line":316,"column":null}},"66":{"start":{"line":317,"column":0},"end":{"line":317,"column":null}},"67":{"start":{"line":321,"column":0},"end":{"line":321,"column":null}},"68":{"start":{"line":323,"column":0},"end":{"line":323,"column":null}},"69":{"start":{"line":325,"column":0},"end":{"line":325,"column":null}},"70":{"start":{"line":326,"column":0},"end":{"line":326,"column":null}},"71":{"start":{"line":328,"column":0},"end":{"line":328,"column":null}}},"fnMap":{"0":{"name":"(anonymous_5)","decl":{"start":{"line":154,"column":0},"end":{"line":154,"column":null}},"loc":{"start":{"line":154,"column":0},"end":{"line":169,"column":null}}},"1":{"name":"(anonymous_6)","decl":{"start":{"line":172,"column":0},"end":{"line":172,"column":null}},"loc":{"start":{"line":172,"column":0},"end":{"line":174,"column":null}}},"2":{"name":"(anonymous_7)","decl":{"start":{"line":175,"column":0},"end":{"line":175,"column":null}},"loc":{"start":{"line":175,"column":0},"end":{"line":177,"column":null}}},"3":{"name":"(anonymous_8)","decl":{"start":{"line":180,"column":0},"end":{"line":180,"column":null}},"loc":{"start":{"line":180,"column":0},"end":{"line":182,"column":null}}},"4":{"name":"(anonymous_9)","decl":{"start":{"line":183,"column":0},"end":{"line":183,"column":null}},"loc":{"start":{"line":183,"column":0},"end":{"line":185,"column":null}}},"5":{"name":"(anonymous_10)","decl":{"start":{"line":188,"column":0},"end":{"line":188,"column":null}},"loc":{"start":{"line":188,"column":0},"end":{"line":190,"column":null}}},"6":{"name":"(anonymous_11)","decl":{"start":{"line":191,"column":0},"end":{"line":191,"column":null}},"loc":{"start":{"line":191,"column":0},"end":{"line":193,"column":null}}},"7":{"name":"(anonymous_12)","decl":{"start":{"line":197,"column":0},"end":{"line":197,"column":null}},"loc":{"start":{"line":197,"column":0},"end":{"line":209,"column":null}}},"8":{"name":"(anonymous_13)","decl":{"start":{"line":199,"column":0},"end":{"line":199,"column":null}},"loc":{"start":{"line":199,"column":0},"end":{"line":208,"column":null}}},"9":{"name":"(anonymous_14)","decl":{"start":{"line":211,"column":0},"end":{"line":211,"column":null}},"loc":{"start":{"line":211,"column":0},"end":{"line":218,"column":null}}},"10":{"name":"(anonymous_15)","decl":{"start":{"line":220,"column":0},"end":{"line":220,"column":null}},"loc":{"start":{"line":220,"column":0},"end":{"line":252,"column":null}}},"11":{"name":"(anonymous_16)","decl":{"start":{"line":224,"column":0},"end":{"line":224,"column":null}},"loc":{"start":{"line":224,"column":0},"end":{"line":248,"column":null}}},"12":{"name":"(anonymous_17)","decl":{"start":{"line":229,"column":0},"end":{"line":229,"column":null}},"loc":{"start":{"line":229,"column":0},"end":{"line":232,"column":null}}},"13":{"name":"(anonymous_18)","decl":{"start":{"line":238,"column":0},"end":{"line":238,"column":null}},"loc":{"start":{"line":238,"column":0},"end":{"line":240,"column":null}}},"14":{"name":"(anonymous_19)","decl":{"start":{"line":254,"column":0},"end":{"line":254,"column":null}},"loc":{"start":{"line":254,"column":0},"end":{"line":268,"column":null}}},"15":{"name":"(anonymous_20)","decl":{"start":{"line":262,"column":0},"end":{"line":262,"column":null}},"loc":{"start":{"line":262,"column":0},"end":{"line":265,"column":null}}},"16":{"name":"(anonymous_21)","decl":{"start":{"line":270,"column":0},"end":{"line":270,"column":null}},"loc":{"start":{"line":270,"column":0},"end":{"line":273,"column":null}}},"17":{"name":"(anonymous_22)","decl":{"start":{"line":274,"column":0},"end":{"line":274,"column":null}},"loc":{"start":{"line":274,"column":0},"end":{"line":276,"column":null}}},"18":{"name":"(anonymous_23)","decl":{"start":{"line":277,"column":0},"end":{"line":277,"column":null}},"loc":{"start":{"line":277,"column":0},"end":{"line":279,"column":null}}},"19":{"name":"(anonymous_24)","decl":{"start":{"line":280,"column":0},"end":{"line":280,"column":null}},"loc":{"start":{"line":280,"column":0},"end":{"line":282,"column":null}}},"20":{"name":"(anonymous_25)","decl":{"start":{"line":284,"column":0},"end":{"line":284,"column":null}},"loc":{"start":{"line":284,"column":0},"end":{"line":310,"column":null}}},"21":{"name":"(anonymous_26)","decl":{"start":{"line":296,"column":0},"end":{"line":296,"column":null}},"loc":{"start":{"line":296,"column":0},"end":{"line":298,"column":null}}},"22":{"name":"(anonymous_27)","decl":{"start":{"line":297,"column":0},"end":{"line":297,"column":null}},"loc":{"start":{"line":297,"column":0},"end":{"line":297,"column":null}}},"23":{"name":"(anonymous_28)","decl":{"start":{"line":311,"column":0},"end":{"line":311,"column":null}},"loc":{"start":{"line":311,"column":0},"end":{"line":319,"column":null}}},"24":{"name":"(anonymous_29)","decl":{"start":{"line":320,"column":0},"end":{"line":320,"column":null}},"loc":{"start":{"line":320,"column":0},"end":{"line":329,"column":null}}},"25":{"name":"(anonymous_30)","decl":{"start":{"line":323,"column":0},"end":{"line":323,"column":null}},"loc":{"start":{"line":323,"column":0},"end":{"line":323,"column":null}}}},"branchMap":{"0":{"loc":{"start":{"line":198,"column":0},"end":{"line":198,"column":null}},"type":"if","locations":[{"start":{"line":198,"column":0},"end":{"line":198,"column":null}},{"start":{"line":198,"column":0},"end":{"line":198,"column":null}}]},"1":{"loc":{"start":{"line":200,"column":0},"end":{"line":205,"column":null}},"type":"if","locations":[{"start":{"line":200,"column":0},"end":{"line":205,"column":null}},{"start":{"line":200,"column":0},"end":{"line":205,"column":null}}]},"2":{"loc":{"start":{"line":227,"column":0},"end":{"line":247,"column":null}},"type":"if","locations":[{"start":{"line":227,"column":0},"end":{"line":247,"column":null}},{"start":{"line":227,"column":0},"end":{"line":247,"column":null}}]},"3":{"loc":{"start":{"line":235,"column":0},"end":{"line":237,"column":null}},"type":"if","locations":[{"start":{"line":235,"column":0},"end":{"line":237,"column":null}},{"start":{"line":235,"column":0},"end":{"line":237,"column":null}}]},"4":{"loc":{"start":{"line":312,"column":0},"end":{"line":318,"column":null}},"type":"if","locations":[{"start":{"line":312,"column":0},"end":{"line":318,"column":null}},{"start":{"line":312,"column":0},"end":{"line":318,"column":null}}]},"5":{"loc":{"start":{"line":321,"column":0},"end":{"line":321,"column":null}},"type":"if","locations":[{"start":{"line":321,"column":0},"end":{"line":321,"column":null}},{"start":{"line":321,"column":0},"end":{"line":321,"column":null}}]},"6":{"loc":{"start":{"line":323,"column":0},"end":{"line":323,"column":null}},"type":"cond-expr","locations":[{"start":{"line":323,"column":0},"end":{"line":323,"column":null}},{"start":{"line":323,"column":0},"end":{"line":323,"column":null}}]}},"s":{"0":0,"1":0,"2":0,"3":0,"4":0,"5":0,"6":0,"7":0,"8":0,"9":0,"10":0,"11":0,"12":0,"13":0,"14":0,"15":0,"16":0,"17":0,"18":0,"19":0,"20":0,"21":0,"22":0,"23":0,"24":0,"25":0,"26":0,"27":0,"28":0,"29":0,"30":0,"31":0,"32":0,"33":0,"34":0,"35":0,"36":0,"37":0,"38":0,"39":0,"40":0,"41":0,"42":0,"43":0,"44":0,"45":0,"46":0,"47":0,"48":0,"49":0,"50":0,"51":0,"52":0,"53":0,"54":0,"55":0,"56":0,"57":0,"58":0,"59":0,"60":0,"61":0,"62":0,"63":0,"64":0,"65":0,"66":0,"67":0,"68":0,"69":0,"70":0,"71":0},"f":{"0":0,"1":0,"2":0,"3":0,"4":0,"5":0,"6":0,"7":0,"8":0,"9":0,"10":0,"11":0,"12":0,"13":0,"14":0,"15":0,"16":0,"17":0,"18":0,"19":0,"20":0,"21":0,"22":0,"23":0,"24":0,"25":0},"b":{"0":[0,0],"1":[0,0],"2":[0,0],"3":[0,0],"4":[0,0],"5":[0,0],"6":[0,0]}}
,"/Users/macbookpro/Documents/TimeOverGrow-new/components/Main.vue": {"path":"/Users/macbookpro/Documents/TimeOverGrow-new/components/Main.vue","statementMap":{"0":{"start":{"line":42,"column":0},"end":{"line":42,"column":null}},"1":{"start":{"line":43,"column":0},"end":{"line":43,"column":null}},"2":{"start":{"line":44,"column":0},"end":{"line":44,"column":null}},"3":{"start":{"line":45,"column":0},"end":{"line":45,"column":null}},"4":{"start":{"line":46,"column":0},"end":{"line":46,"column":null}},"5":{"start":{"line":47,"column":0},"end":{"line":47,"column":null}},"6":{"start":{"line":48,"column":0},"end":{"line":48,"column":null}},"7":{"start":{"line":49,"column":0},"end":{"line":49,"column":null}},"8":{"start":{"line":60,"column":0},"end":{"line":60,"column":null}},"9":{"start":{"line":102,"column":0},"end":{"line":102,"column":null}},"10":{"start":{"line":111,"column":0},"end":{"line":111,"column":null}},"11":{"start":{"line":120,"column":0},"end":{"line":120,"column":null}},"12":{"start":{"line":124,"column":0},"end":{"line":124,"column":null}},"13":{"start":{"line":128,"column":0},"end":{"line":128,"column":null}},"14":{"start":{"line":129,"column":0},"end":{"line":129,"column":null}},"15":{"start":{"line":132,"column":0},"end":{"line":132,"column":null}},"16":{"start":{"line":133,"column":0},"end":{"line":133,"column":null}},"17":{"start":{"line":134,"column":0},"end":{"line":134,"column":null}},"18":{"start":{"line":135,"column":0},"end":{"line":135,"column":null}},"19":{"start":{"line":148,"column":0},"end":{"line":148,"column":null}},"20":{"start":{"line":149,"column":0},"end":{"line":149,"column":null}},"21":{"start":{"line":150,"column":0},"end":{"line":153,"column":null}},"22":{"start":{"line":151,"column":0},"end":{"line":151,"column":null}},"23":{"start":{"line":152,"column":0},"end":{"line":152,"column":null}},"24":{"start":{"line":154,"column":0},"end":{"line":157,"column":null}},"25":{"start":{"line":155,"column":0},"end":{"line":155,"column":null}},"26":{"start":{"line":156,"column":0},"end":{"line":156,"column":null}},"27":{"start":{"line":158,"column":0},"end":{"line":161,"column":null}},"28":{"start":{"line":159,"column":0},"end":{"line":159,"column":null}},"29":{"start":{"line":160,"column":0},"end":{"line":160,"column":null}},"30":{"start":{"line":162,"column":0},"end":{"line":165,"column":null}},"31":{"start":{"line":163,"column":0},"end":{"line":163,"column":null}},"32":{"start":{"line":164,"column":0},"end":{"line":164,"column":null}},"33":{"start":{"line":166,"column":0},"end":{"line":166,"column":null}},"34":{"start":{"line":186,"column":0},"end":{"line":186,"column":null}},"35":{"start":{"line":195,"column":0},"end":{"line":195,"column":null}},"36":{"start":{"line":202,"column":0},"end":{"line":202,"column":null}},"37":{"start":{"line":203,"column":0},"end":{"line":203,"column":null}},"38":{"start":{"line":207,"column":0},"end":{"line":207,"column":null}},"39":{"start":{"line":208,"column":0},"end":{"line":208,"column":null}},"40":{"start":{"line":209,"column":0},"end":{"line":209,"column":null}},"41":{"start":{"line":210,"column":0},"end":{"line":210,"column":null}},"42":{"start":{"line":211,"column":0},"end":{"line":211,"column":null}},"43":{"start":{"line":212,"column":0},"end":{"line":215,"column":null}},"44":{"start":{"line":213,"column":0},"end":{"line":213,"column":null}},"45":{"start":{"line":214,"column":0},"end":{"line":214,"column":null}},"46":{"start":{"line":217,"column":0},"end":{"line":217,"column":null}},"47":{"start":{"line":218,"column":0},"end":{"line":218,"column":null}},"48":{"start":{"line":219,"column":0},"end":{"line":219,"column":null}},"49":{"start":{"line":222,"column":0},"end":{"line":222,"column":null}},"50":{"start":{"line":223,"column":0},"end":{"line":223,"column":null}},"51":{"start":{"line":227,"column":0},"end":{"line":227,"column":null}},"52":{"start":{"line":230,"column":0},"end":{"line":230,"column":null}},"53":{"start":{"line":231,"column":0},"end":{"line":231,"column":null}},"54":{"start":{"line":233,"column":0},"end":{"line":236,"column":null}},"55":{"start":{"line":234,"column":0},"end":{"line":234,"column":null}},"56":{"start":{"line":235,"column":0},"end":{"line":235,"column":null}},"57":{"start":{"line":237,"column":0},"end":{"line":237,"column":null}},"58":{"start":{"line":239,"column":0},"end":{"line":258,"column":null}},"59":{"start":{"line":240,"column":0},"end":{"line":240,"column":null}},"60":{"start":{"line":242,"column":0},"end":{"line":242,"column":null}},"61":{"start":{"line":243,"column":0},"end":{"line":243,"column":null}},"62":{"start":{"line":244,"column":0},"end":{"line":257,"column":null}},"63":{"start":{"line":246,"column":0},"end":{"line":246,"column":null}},"64":{"start":{"line":247,"column":0},"end":{"line":247,"column":null}},"65":{"start":{"line":249,"column":0},"end":{"line":255,"column":null}},"66":{"start":{"line":250,"column":0},"end":{"line":250,"column":null}},"67":{"start":{"line":252,"column":0},"end":{"line":252,"column":null}},"68":{"start":{"line":256,"column":0},"end":{"line":256,"column":null}},"69":{"start":{"line":260,"column":0},"end":{"line":260,"column":null}},"70":{"start":{"line":265,"column":0},"end":{"line":270,"column":null}},"71":{"start":{"line":273,"column":0},"end":{"line":279,"column":null}},"72":{"start":{"line":274,"column":0},"end":{"line":274,"column":null}},"73":{"start":{"line":275,"column":0},"end":{"line":275,"column":null}},"74":{"start":{"line":276,"column":0},"end":{"line":276,"column":null}},"75":{"start":{"line":278,"column":0},"end":{"line":278,"column":null}},"76":{"start":{"line":282,"column":0},"end":{"line":289,"column":null}},"77":{"start":{"line":283,"column":0},"end":{"line":283,"column":null}},"78":{"start":{"line":284,"column":0},"end":{"line":284,"column":null}},"79":{"start":{"line":285,"column":0},"end":{"line":285,"column":null}},"80":{"start":{"line":286,"column":0},"end":{"line":286,"column":null}},"81":{"start":{"line":288,"column":0},"end":{"line":288,"column":null}}},"fnMap":{"0":{"name":"(anonymous_5)","decl":{"start":{"line":59,"column":0},"end":{"line":59,"column":null}},"loc":{"start":{"line":59,"column":0},"end":{"line":117,"column":null}}},"1":{"name":"(anonymous_6)","decl":{"start":{"line":101,"column":0},"end":{"line":101,"column":null}},"loc":{"start":{"line":101,"column":0},"end":{"line":103,"column":null}}},"2":{"name":"(anonymous_7)","decl":{"start":{"line":110,"column":0},"end":{"line":110,"column":null}},"loc":{"start":{"line":110,"column":0},"end":{"line":112,"column":null}}},"3":{"name":"(anonymous_8)","decl":{"start":{"line":119,"column":0},"end":{"line":119,"column":null}},"loc":{"start":{"line":119,"column":0},"end":{"line":121,"column":null}}},"4":{"name":"(anonymous_9)","decl":{"start":{"line":123,"column":0},"end":{"line":123,"column":null}},"loc":{"start":{"line":123,"column":0},"end":{"line":125,"column":null}}},"5":{"name":"(anonymous_10)","decl":{"start":{"line":127,"column":0},"end":{"line":127,"column":null}},"loc":{"start":{"line":127,"column":0},"end":{"line":130,"column":null}}},"6":{"name":"(anonymous_11)","decl":{"start":{"line":131,"column":0},"end":{"line":131,"column":null}},"loc":{"start":{"line":131,"column":0},"end":{"line":200,"column":null}}},"7":{"name":"(anonymous_12)","decl":{"start":{"line":185,"column":0},"end":{"line":185,"column":null}},"loc":{"start":{"line":185,"column":0},"end":{"line":187,"column":null}}},"8":{"name":"(anonymous_13)","decl":{"start":{"line":194,"column":0},"end":{"line":194,"column":null}},"loc":{"start":{"line":194,"column":0},"end":{"line":196,"column":null}}},"9":{"name":"(anonymous_14)","decl":{"start":{"line":201,"column":0},"end":{"line":201,"column":null}},"loc":{"start":{"line":201,"column":0},"end":{"line":204,"column":null}}},"10":{"name":"(anonymous_15)","decl":{"start":{"line":206,"column":0},"end":{"line":206,"column":null}},"loc":{"start":{"line":206,"column":0},"end":{"line":220,"column":null}}},"11":{"name":"(anonymous_16)","decl":{"start":{"line":212,"column":0},"end":{"line":212,"column":null}},"loc":{"start":{"line":212,"column":0},"end":{"line":215,"column":null}}},"12":{"name":"(anonymous_17)","decl":{"start":{"line":221,"column":0},"end":{"line":221,"column":null}},"loc":{"start":{"line":221,"column":0},"end":{"line":224,"column":null}}},"13":{"name":"(anonymous_18)","decl":{"start":{"line":226,"column":0},"end":{"line":226,"column":null}},"loc":{"start":{"line":226,"column":0},"end":{"line":271,"column":null}}},"14":{"name":"(anonymous_19)","decl":{"start":{"line":233,"column":0},"end":{"line":233,"column":null}},"loc":{"start":{"line":233,"column":0},"end":{"line":236,"column":null}}},"15":{"name":"(anonymous_20)","decl":{"start":{"line":239,"column":0},"end":{"line":239,"column":null}},"loc":{"start":{"line":239,"column":0},"end":{"line":258,"column":null}}},"16":{"name":"(anonymous_21)","decl":{"start":{"line":244,"column":0},"end":{"line":244,"column":null}},"loc":{"start":{"line":244,"column":0},"end":{"line":257,"column":null}}},"17":{"name":"(anonymous_22)","decl":{"start":{"line":272,"column":0},"end":{"line":272,"column":null}},"loc":{"start":{"line":272,"column":0},"end":{"line":280,"column":null}}},"18":{"name":"(anonymous_23)","decl":{"start":{"line":281,"column":0},"end":{"line":281,"column":null}},"loc":{"start":{"line":281,"column":0},"end":{"line":290,"column":null}}}},"branchMap":{"0":{"loc":{"start":{"line":150,"column":0},"end":{"line":153,"column":null}},"type":"if","locations":[{"start":{"line":150,"column":0},"end":{"line":153,"column":null}},{"start":{"line":150,"column":0},"end":{"line":153,"column":null}}]},"1":{"loc":{"start":{"line":154,"column":0},"end":{"line":157,"column":null}},"type":"if","locations":[{"start":{"line":154,"column":0},"end":{"line":157,"column":null}},{"start":{"line":154,"column":0},"end":{"line":157,"column":null}}]},"2":{"loc":{"start":{"line":158,"column":0},"end":{"line":161,"column":null}},"type":"if","locations":[{"start":{"line":158,"column":0},"end":{"line":161,"column":null}},{"start":{"line":158,"column":0},"end":{"line":161,"column":null}}]},"3":{"loc":{"start":{"line":162,"column":0},"end":{"line":165,"column":null}},"type":"if","locations":[{"start":{"line":162,"column":0},"end":{"line":165,"column":null}},{"start":{"line":162,"column":0},"end":{"line":165,"column":null}}]},"4":{"loc":{"start":{"line":249,"column":0},"end":{"line":255,"column":null}},"type":"if","locations":[{"start":{"line":249,"column":0},"end":{"line":255,"column":null}},{"start":{"line":249,"column":0},"end":{"line":255,"column":null}}]}},"s":{"0":0,"1":0,"2":0,"3":0,"4":0,"5":0,"6":0,"7":0,"8":0,"9":0,"10":0,"11":0,"12":0,"13":0,"14":0,"15":0,"16":0,"17":0,"18":0,"19":0,"20":0,"21":0,"22":0,"23":0,"24":0,"25":0,"26":0,"27":0,"28":0,"29":0,"30":0,"31":0,"32":0,"33":0,"34":0,"35":0,"36":0,"37":0,"38":0,"39":0,"40":0,"41":0,"42":0,"43":0,"44":0,"45":0,"46":0,"47":0,"48":0,"49":0,"50":0,"51":0,"52":0,"53":0,"54":0,"55":0,"56":0,"57":0,"58":0,"59":0,"60":0,"61":0,"62":0,"63":0,"64":0,"65":0,"66":0,"67":0,"68":0,"69":0,"70":0,"71":0,"72":0,"73":0,"74":0,"75":0,"76":0,"77":0,"78":0,"79":0,"80":0,"81":0},"f":{"0":0,"1":0,"2":0,"3":0,"4":0,"5":0,"6":0,"7":0,"8":0,"9":0,"10":0,"11":0,"12":0,"13":0,"14":0,"15":0,"16":0,"17":0,"18":0},"b":{"0":[0,0],"1":[0,0],"2":[0,0],"3":[0,0],"4":[0,0]}}
,"/Users/macbookpro/Documents/TimeOverGrow-new/components/Message.vue": {"path":"/Users/macbookpro/Documents/TimeOverGrow-new/components/Message.vue","statementMap":{"0":{"start":{"line":39,"column":0},"end":{"line":39,"column":null}},"1":{"start":{"line":40,"column":0},"end":{"line":40,"column":null}},"2":{"start":{"line":41,"column":0},"end":{"line":41,"column":null}},"3":{"start":{"line":75,"column":0},"end":{"line":107,"column":null}},"4":{"start":{"line":76,"column":0},"end":{"line":76,"column":null}},"5":{"start":{"line":77,"column":0},"end":{"line":77,"column":null}},"6":{"start":{"line":78,"column":0},"end":{"line":78,"column":null}},"7":{"start":{"line":80,"column":0},"end":{"line":99,"column":null}},"8":{"start":{"line":81,"column":0},"end":{"line":81,"column":null}},"9":{"start":{"line":83,"column":0},"end":{"line":83,"column":null}},"10":{"start":{"line":84,"column":0},"end":{"line":84,"column":null}},"11":{"start":{"line":85,"column":0},"end":{"line":98,"column":null}},"12":{"start":{"line":87,"column":0},"end":{"line":87,"column":null}},"13":{"start":{"line":88,"column":0},"end":{"line":88,"column":null}},"14":{"start":{"line":90,"column":0},"end":{"line":96,"column":null}},"15":{"start":{"line":91,"column":0},"end":{"line":91,"column":null}},"16":{"start":{"line":93,"column":0},"end":{"line":93,"column":null}},"17":{"start":{"line":97,"column":0},"end":{"line":97,"column":null}},"18":{"start":{"line":100,"column":0},"end":{"line":102,"column":null}},"19":{"start":{"line":101,"column":0},"end":{"line":101,"column":null}},"20":{"start":{"line":104,"column":0},"end":{"line":104,"column":null}},"21":{"start":{"line":106,"column":0},"end":{"line":106,"column":null}},"22":{"start":{"line":110,"column":0},"end":{"line":110,"column":null}},"23":{"start":{"line":111,"column":0},"end":{"line":111,"column":null}},"24":{"start":{"line":112,"column":0},"end":{"line":112,"column":null}},"25":{"start":{"line":113,"column":0},"end":{"line":113,"column":null}}},"fnMap":{"0":{"name":"(anonymous_5)","decl":{"start":{"line":74,"column":0},"end":{"line":74,"column":null}},"loc":{"start":{"line":74,"column":0},"end":{"line":108,"column":null}}},"1":{"name":"(anonymous_6)","decl":{"start":{"line":80,"column":0},"end":{"line":80,"column":null}},"loc":{"start":{"line":80,"column":0},"end":{"line":99,"column":null}}},"2":{"name":"(anonymous_7)","decl":{"start":{"line":85,"column":0},"end":{"line":85,"column":null}},"loc":{"start":{"line":85,"column":0},"end":{"line":98,"column":null}}},"3":{"name":"(anonymous_8)","decl":{"start":{"line":109,"column":0},"end":{"line":109,"column":null}},"loc":{"start":{"line":109,"column":0},"end":{"line":114,"column":null}}}},"branchMap":{"0":{"loc":{"start":{"line":90,"column":0},"end":{"line":96,"column":null}},"type":"if","locations":[{"start":{"line":90,"column":0},"end":{"line":96,"column":null}},{"start":{"line":90,"column":0},"end":{"line":96,"column":null}}]},"1":{"loc":{"start":{"line":100,"column":0},"end":{"line":102,"column":null}},"type":"if","locations":[{"start":{"line":100,"column":0},"end":{"line":102,"column":null}},{"start":{"line":100,"column":0},"end":{"line":102,"column":null}}]}},"s":{"0":0,"1":0,"2":0,"3":0,"4":0,"5":0,"6":0,"7":0,"8":0,"9":0,"10":0,"11":0,"12":0,"13":0,"14":0,"15":0,"16":0,"17":0,"18":0,"19":0,"20":0,"21":0,"22":0,"23":0,"24":0,"25":0},"f":{"0":0,"1":0,"2":0,"3":0},"b":{"0":[0,0],"1":[0,0]}}
,"/Users/macbookpro/Documents/TimeOverGrow-new/components/MessageList.vue": {"path":"/Users/macbookpro/Documents/TimeOverGrow-new/components/MessageList.vue","statementMap":{"0":{"start":{"line":20,"column":0},"end":{"line":20,"column":null}},"1":{"start":{"line":31,"column":0},"end":{"line":42,"column":null}},"2":{"start":{"line":35,"column":0},"end":{"line":37,"column":null}},"3":{"start":{"line":36,"column":0},"end":{"line":36,"column":null}},"4":{"start":{"line":38,"column":0},"end":{"line":40,"column":null}},"5":{"start":{"line":39,"column":0},"end":{"line":39,"column":null}},"6":{"start":{"line":41,"column":0},"end":{"line":41,"column":null}},"7":{"start":{"line":48,"column":0},"end":{"line":48,"column":null}},"8":{"start":{"line":51,"column":0},"end":{"line":51,"column":null}},"9":{"start":{"line":52,"column":0},"end":{"line":52,"column":null}}},"fnMap":{"0":{"name":"(anonymous_2)","decl":{"start":{"line":30,"column":0},"end":{"line":30,"column":null}},"loc":{"start":{"line":30,"column":0},"end":{"line":43,"column":null}}},"1":{"name":"(anonymous_3)","decl":{"start":{"line":31,"column":0},"end":{"line":31,"column":null}},"loc":{"start":{"line":31,"column":0},"end":{"line":42,"column":null}}},"2":{"name":"(anonymous_4)","decl":{"start":{"line":47,"column":0},"end":{"line":47,"column":null}},"loc":{"start":{"line":47,"column":0},"end":{"line":49,"column":null}}},"3":{"name":"(anonymous_5)","decl":{"start":{"line":50,"column":0},"end":{"line":50,"column":null}},"loc":{"start":{"line":50,"column":0},"end":{"line":53,"column":null}}}},"branchMap":{"0":{"loc":{"start":{"line":35,"column":0},"end":{"line":37,"column":null}},"type":"if","locations":[{"start":{"line":35,"column":0},"end":{"line":37,"column":null}},{"start":{"line":35,"column":0},"end":{"line":37,"column":null}}]},"1":{"loc":{"start":{"line":38,"column":0},"end":{"line":40,"column":null}},"type":"if","locations":[{"start":{"line":38,"column":0},"end":{"line":40,"column":null}},{"start":{"line":38,"column":0},"end":{"line":40,"column":null}}]}},"s":{"0":0,"1":0,"2":0,"3":0,"4":0,"5":0,"6":0,"7":0,"8":0,"9":0},"f":{"0":0,"1":0,"2":0,"3":0},"b":{"0":[0,0],"1":[0,0]}}
,"/Users/macbookpro/Documents/TimeOverGrow-new/components/SocialLogin.vue": {"path":"/Users/macbookpro/Documents/TimeOverGrow-new/components/SocialLogin.vue","statementMap":{"0":{"start":{"line":48,"column":0},"end":{"line":57,"column":null}},"1":{"start":{"line":51,"column":0},"end":{"line":51,"column":null}},"2":{"start":{"line":56,"column":0},"end":{"line":56,"column":null}},"3":{"start":{"line":60,"column":0},"end":{"line":77,"column":null}},"4":{"start":{"line":66,"column":0},"end":{"line":66,"column":null}},"5":{"start":{"line":71,"column":0},"end":{"line":71,"column":null}},"6":{"start":{"line":72,"column":0},"end":{"line":76,"column":null}},"7":{"start":{"line":73,"column":0},"end":{"line":73,"column":null}},"8":{"start":{"line":75,"column":0},"end":{"line":75,"column":null}}},"fnMap":{"0":{"name":"(anonymous_1)","decl":{"start":{"line":47,"column":0},"end":{"line":47,"column":null}},"loc":{"start":{"line":47,"column":0},"end":{"line":58,"column":null}}},"1":{"name":"(anonymous_2)","decl":{"start":{"line":48,"column":0},"end":{"line":48,"column":null}},"loc":{"start":{"line":48,"column":0},"end":{"line":54,"column":null}}},"2":{"name":"(anonymous_3)","decl":{"start":{"line":54,"column":0},"end":{"line":54,"column":null}},"loc":{"start":{"line":54,"column":0},"end":{"line":57,"column":null}}},"3":{"name":"(anonymous_4)","decl":{"start":{"line":59,"column":0},"end":{"line":59,"column":null}},"loc":{"start":{"line":59,"column":0},"end":{"line":78,"column":null}}},"4":{"name":"(anonymous_5)","decl":{"start":{"line":61,"column":0},"end":{"line":61,"column":null}},"loc":{"start":{"line":61,"column":0},"end":{"line":69,"column":null}}},"5":{"name":"(anonymous_6)","decl":{"start":{"line":69,"column":0},"end":{"line":69,"column":null}},"loc":{"start":{"line":69,"column":0},"end":{"line":77,"column":null}}}},"branchMap":{"0":{"loc":{"start":{"line":72,"column":0},"end":{"line":76,"column":null}},"type":"if","locations":[{"start":{"line":72,"column":0},"end":{"line":76,"column":null}},{"start":{"line":72,"column":0},"end":{"line":76,"column":null}}]}},"s":{"0":0,"1":0,"2":0,"3":0,"4":0,"5":0,"6":0,"7":0,"8":0},"f":{"0":0,"1":0,"2":0,"3":0,"4":0,"5":0},"b":{"0":[0,0]}}
,"/Users/macbookpro/Documents/TimeOverGrow-new/components/TextBox.vue": {"path":"/Users/macbookpro/Documents/TimeOverGrow-new/components/TextBox.vue","statementMap":{"0":{"start":{"line":125,"column":0},"end":{"line":125,"column":null}},"1":{"start":{"line":126,"column":0},"end":{"line":126,"column":null}},"2":{"start":{"line":127,"column":0},"end":{"line":127,"column":null}},"3":{"start":{"line":128,"column":0},"end":{"line":128,"column":null}},"4":{"start":{"line":129,"column":0},"end":{"line":129,"column":null}},"5":{"start":{"line":130,"column":0},"end":{"line":130,"column":null}},"6":{"start":{"line":132,"column":0},"end":{"line":132,"column":null}},"7":{"start":{"line":149,"column":0},"end":{"line":149,"column":null}},"8":{"start":{"line":166,"column":0},"end":{"line":166,"column":null}},"9":{"start":{"line":167,"column":0},"end":{"line":177,"column":null}},"10":{"start":{"line":168,"column":0},"end":{"line":173,"column":null}},"11":{"start":{"line":169,"column":0},"end":{"line":169,"column":null}},"12":{"start":{"line":172,"column":0},"end":{"line":172,"column":null}},"13":{"start":{"line":175,"column":0},"end":{"line":175,"column":null}},"14":{"start":{"line":176,"column":0},"end":{"line":176,"column":null}},"15":{"start":{"line":181,"column":0},"end":{"line":181,"column":null}},"16":{"start":{"line":182,"column":0},"end":{"line":182,"column":null}},"17":{"start":{"line":186,"column":0},"end":{"line":237,"column":null}},"18":{"start":{"line":188,"column":0},"end":{"line":188,"column":null}},"19":{"start":{"line":195,"column":0},"end":{"line":195,"column":null}},"20":{"start":{"line":197,"column":0},"end":{"line":197,"column":null}},"21":{"start":{"line":198,"column":0},"end":{"line":198,"column":null}},"22":{"start":{"line":200,"column":0},"end":{"line":228,"column":null}},"23":{"start":{"line":201,"column":0},"end":{"line":201,"column":null}},"24":{"start":{"line":202,"column":0},"end":{"line":202,"column":null}},"25":{"start":{"line":203,"column":0},"end":{"line":227,"column":null}},"26":{"start":{"line":204,"column":0},"end":{"line":204,"column":null}},"27":{"start":{"line":205,"column":0},"end":{"line":208,"column":null}},"28":{"start":{"line":206,"column":0},"end":{"line":206,"column":null}},"29":{"start":{"line":207,"column":0},"end":{"line":207,"column":null}},"30":{"start":{"line":210,"column":0},"end":{"line":210,"column":null}},"31":{"start":{"line":211,"column":0},"end":{"line":213,"column":null}},"32":{"start":{"line":212,"column":0},"end":{"line":212,"column":null}},"33":{"start":{"line":214,"column":0},"end":{"line":216,"column":null}},"34":{"start":{"line":215,"column":0},"end":{"line":215,"column":null}},"35":{"start":{"line":218,"column":0},"end":{"line":220,"column":null}},"36":{"start":{"line":219,"column":0},"end":{"line":219,"column":null}},"37":{"start":{"line":222,"column":0},"end":{"line":222,"column":null}},"38":{"start":{"line":230,"column":0},"end":{"line":230,"column":null}},"39":{"start":{"line":231,"column":0},"end":{"line":231,"column":null}},"40":{"start":{"line":232,"column":0},"end":{"line":232,"column":null}},"41":{"start":{"line":233,"column":0},"end":{"line":233,"column":null}},"42":{"start":{"line":234,"column":0},"end":{"line":234,"column":null}},"43":{"start":{"line":236,"column":0},"end":{"line":236,"column":null}},"44":{"start":{"line":241,"column":0},"end":{"line":241,"column":null}},"45":{"start":{"line":242,"column":0},"end":{"line":242,"column":null}},"46":{"start":{"line":248,"column":0},"end":{"line":251,"column":null}},"47":{"start":{"line":249,"column":0},"end":{"line":249,"column":null}},"48":{"start":{"line":250,"column":0},"end":{"line":250,"column":null}},"49":{"start":{"line":253,"column":0},"end":{"line":253,"column":null}},"50":{"start":{"line":257,"column":0},"end":{"line":257,"column":null}},"51":{"start":{"line":258,"column":0},"end":{"line":258,"column":null}},"52":{"start":{"line":261,"column":0},"end":{"line":261,"column":null}},"53":{"start":{"line":264,"column":0},"end":{"line":264,"column":null}},"54":{"start":{"line":268,"column":0},"end":{"line":268,"column":null}},"55":{"start":{"line":269,"column":0},"end":{"line":269,"column":null}},"56":{"start":{"line":272,"column":0},"end":{"line":272,"column":null}},"57":{"start":{"line":274,"column":0},"end":{"line":274,"column":null}},"58":{"start":{"line":276,"column":0},"end":{"line":276,"column":null}},"59":{"start":{"line":280,"column":0},"end":{"line":280,"column":null}},"60":{"start":{"line":282,"column":0},"end":{"line":282,"column":null}},"61":{"start":{"line":284,"column":0},"end":{"line":286,"column":null}},"62":{"start":{"line":285,"column":0},"end":{"line":285,"column":null}},"63":{"start":{"line":288,"column":0},"end":{"line":288,"column":null}},"64":{"start":{"line":293,"column":0},"end":{"line":293,"column":null}},"65":{"start":{"line":295,"column":0},"end":{"line":295,"column":null}},"66":{"start":{"line":296,"column":0},"end":{"line":296,"column":null}},"67":{"start":{"line":297,"column":0},"end":{"line":297,"column":null}},"68":{"start":{"line":300,"column":0},"end":{"line":305,"column":null}},"69":{"start":{"line":301,"column":0},"end":{"line":301,"column":null}},"70":{"start":{"line":302,"column":0},"end":{"line":302,"column":null}},"71":{"start":{"line":304,"column":0},"end":{"line":304,"column":null}},"72":{"start":{"line":308,"column":0},"end":{"line":310,"column":null}},"73":{"start":{"line":309,"column":0},"end":{"line":309,"column":null}},"74":{"start":{"line":312,"column":0},"end":{"line":312,"column":null}},"75":{"start":{"line":313,"column":0},"end":{"line":313,"column":null}},"76":{"start":{"line":314,"column":0},"end":{"line":314,"column":null}},"77":{"start":{"line":316,"column":0},"end":{"line":316,"column":null}}},"fnMap":{"0":{"name":"(anonymous_5)","decl":{"start":{"line":148,"column":0},"end":{"line":148,"column":null}},"loc":{"start":{"line":148,"column":0},"end":{"line":163,"column":null}}},"1":{"name":"(anonymous_6)","decl":{"start":{"line":165,"column":0},"end":{"line":165,"column":null}},"loc":{"start":{"line":165,"column":0},"end":{"line":178,"column":null}}},"2":{"name":"(anonymous_7)","decl":{"start":{"line":167,"column":0},"end":{"line":167,"column":null}},"loc":{"start":{"line":167,"column":0},"end":{"line":177,"column":null}}},"3":{"name":"(anonymous_8)","decl":{"start":{"line":180,"column":0},"end":{"line":180,"column":null}},"loc":{"start":{"line":180,"column":0},"end":{"line":183,"column":null}}},"4":{"name":"(anonymous_9)","decl":{"start":{"line":185,"column":0},"end":{"line":185,"column":null}},"loc":{"start":{"line":185,"column":0},"end":{"line":238,"column":null}}},"5":{"name":"(anonymous_10)","decl":{"start":{"line":200,"column":0},"end":{"line":200,"column":null}},"loc":{"start":{"line":200,"column":0},"end":{"line":228,"column":null}}},"6":{"name":"(anonymous_11)","decl":{"start":{"line":205,"column":0},"end":{"line":205,"column":null}},"loc":{"start":{"line":205,"column":0},"end":{"line":208,"column":null}}},"7":{"name":"(anonymous_12)","decl":{"start":{"line":214,"column":0},"end":{"line":214,"column":null}},"loc":{"start":{"line":214,"column":0},"end":{"line":216,"column":null}}},"8":{"name":"(anonymous_13)","decl":{"start":{"line":240,"column":0},"end":{"line":240,"column":null}},"loc":{"start":{"line":240,"column":0},"end":{"line":254,"column":null}}},"9":{"name":"(anonymous_14)","decl":{"start":{"line":248,"column":0},"end":{"line":248,"column":null}},"loc":{"start":{"line":248,"column":0},"end":{"line":251,"column":null}}},"10":{"name":"(anonymous_15)","decl":{"start":{"line":256,"column":0},"end":{"line":256,"column":null}},"loc":{"start":{"line":256,"column":0},"end":{"line":259,"column":null}}},"11":{"name":"(anonymous_16)","decl":{"start":{"line":260,"column":0},"end":{"line":260,"column":null}},"loc":{"start":{"line":260,"column":0},"end":{"line":262,"column":null}}},"12":{"name":"(anonymous_17)","decl":{"start":{"line":263,"column":0},"end":{"line":263,"column":null}},"loc":{"start":{"line":263,"column":0},"end":{"line":265,"column":null}}},"13":{"name":"(anonymous_18)","decl":{"start":{"line":267,"column":0},"end":{"line":267,"column":null}},"loc":{"start":{"line":267,"column":0},"end":{"line":298,"column":null}}},"14":{"name":"(anonymous_19)","decl":{"start":{"line":284,"column":0},"end":{"line":284,"column":null}},"loc":{"start":{"line":284,"column":0},"end":{"line":286,"column":null}}},"15":{"name":"(anonymous_20)","decl":{"start":{"line":285,"column":0},"end":{"line":285,"column":null}},"loc":{"start":{"line":285,"column":0},"end":{"line":285,"column":null}}},"16":{"name":"(anonymous_21)","decl":{"start":{"line":299,"column":0},"end":{"line":299,"column":null}},"loc":{"start":{"line":299,"column":0},"end":{"line":306,"column":null}}},"17":{"name":"(anonymous_22)","decl":{"start":{"line":307,"column":0},"end":{"line":307,"column":null}},"loc":{"start":{"line":307,"column":0},"end":{"line":317,"column":null}}},"18":{"name":"(anonymous_23)","decl":{"start":{"line":312,"column":0},"end":{"line":312,"column":null}},"loc":{"start":{"line":312,"column":0},"end":{"line":312,"column":null}}}},"branchMap":{"0":{"loc":{"start":{"line":166,"column":0},"end":{"line":166,"column":null}},"type":"if","locations":[{"start":{"line":166,"column":0},"end":{"line":166,"column":null}},{"start":{"line":166,"column":0},"end":{"line":166,"column":null}}]},"1":{"loc":{"start":{"line":168,"column":0},"end":{"line":173,"column":null}},"type":"if","locations":[{"start":{"line":168,"column":0},"end":{"line":173,"column":null}},{"start":{"line":168,"column":0},"end":{"line":173,"column":null}}]},"2":{"loc":{"start":{"line":203,"column":0},"end":{"line":227,"column":null}},"type":"if","locations":[{"start":{"line":203,"column":0},"end":{"line":227,"column":null}},{"start":{"line":203,"column":0},"end":{"line":227,"column":null}}]},"3":{"loc":{"start":{"line":211,"column":0},"end":{"line":213,"column":null}},"type":"if","locations":[{"start":{"line":211,"column":0},"end":{"line":213,"column":null}},{"start":{"line":211,"column":0},"end":{"line":213,"column":null}}]},"4":{"loc":{"start":{"line":218,"column":0},"end":{"line":220,"column":null}},"type":"if","locations":[{"start":{"line":218,"column":0},"end":{"line":220,"column":null}},{"start":{"line":218,"column":0},"end":{"line":220,"column":null}}]},"5":{"loc":{"start":{"line":300,"column":0},"end":{"line":305,"column":null}},"type":"if","locations":[{"start":{"line":300,"column":0},"end":{"line":305,"column":null}},{"start":{"line":300,"column":0},"end":{"line":305,"column":null}}]},"6":{"loc":{"start":{"line":308,"column":0},"end":{"line":310,"column":null}},"type":"if","locations":[{"start":{"line":308,"column":0},"end":{"line":310,"column":null}},{"start":{"line":308,"column":0},"end":{"line":310,"column":null}}]},"7":{"loc":{"start":{"line":312,"column":0},"end":{"line":312,"column":null}},"type":"cond-expr","locations":[{"start":{"line":312,"column":0},"end":{"line":312,"column":null}},{"start":{"line":312,"column":0},"end":{"line":312,"column":null}}]}},"s":{"0":0,"1":0,"2":0,"3":0,"4":0,"5":0,"6":0,"7":0,"8":0,"9":0,"10":0,"11":0,"12":0,"13":0,"14":0,"15":0,"16":0,"17":0,"18":0,"19":0,"20":0,"21":0,"22":0,"23":0,"24":0,"25":0,"26":0,"27":0,"28":0,"29":0,"30":0,"31":0,"32":0,"33":0,"34":0,"35":0,"36":0,"37":0,"38":0,"39":0,"40":0,"41":0,"42":0,"43":0,"44":0,"45":0,"46":0,"47":0,"48":0,"49":0,"50":0,"51":0,"52":0,"53":0,"54":0,"55":0,"56":0,"57":0,"58":0,"59":0,"60":0,"61":0,"62":0,"63":0,"64":0,"65":0,"66":0,"67":0,"68":0,"69":0,"70":0,"71":0,"72":0,"73":0,"74":0,"75":0,"76":0,"77":0},"f":{"0":0,"1":0,"2":0,"3":0,"4":0,"5":0,"6":0,"7":0,"8":0,"9":0,"10":0,"11":0,"12":0,"13":0,"14":0,"15":0,"16":0,"17":0,"18":0},"b":{"0":[0,0],"1":[0,0],"2":[0,0],"3":[0,0],"4":[0,0],"5":[0,0],"6":[0,0],"7":[0,0]}}
,"/Users/macbookpro/Documents/TimeOverGrow-new/components/TotalTime.vue": {"path":"/Users/macbookpro/Documents/TimeOverGrow-new/components/TotalTime.vue","statementMap":{"0":{"start":{"line":31,"column":0},"end":{"line":31,"column":null}}},"fnMap":{"0":{"name":"(anonymous_1)","decl":{"start":{"line":30,"column":0},"end":{"line":30,"column":null}},"loc":{"start":{"line":30,"column":0},"end":{"line":34,"column":null}}}},"branchMap":{},"s":{"0":0},"f":{"0":0},"b":{}}
,"/Users/macbookpro/Documents/TimeOverGrow-new/pages/MyPage.vue": {"path":"/Users/macbookpro/Documents/TimeOverGrow-new/pages/MyPage.vue","statementMap":{"0":{"start":{"line":30,"column":0},"end":{"line":30,"column":null}},"1":{"start":{"line":31,"column":0},"end":{"line":31,"column":null}},"2":{"start":{"line":32,"column":0},"end":{"line":32,"column":null}},"3":{"start":{"line":33,"column":0},"end":{"line":33,"column":null}},"4":{"start":{"line":34,"column":0},"end":{"line":34,"column":null}},"5":{"start":{"line":35,"column":0},"end":{"line":35,"column":null}},"6":{"start":{"line":36,"column":0},"end":{"line":36,"column":null}},"7":{"start":{"line":45,"column":0},"end":{"line":45,"column":null}},"8":{"start":{"line":81,"column":0},"end":{"line":81,"column":null}},"9":{"start":{"line":90,"column":0},"end":{"line":90,"column":null}},"10":{"start":{"line":102,"column":0},"end":{"line":102,"column":null}},"11":{"start":{"line":103,"column":0},"end":{"line":103,"column":null}},"12":{"start":{"line":108,"column":0},"end":{"line":108,"column":null}},"13":{"start":{"line":109,"column":0},"end":{"line":109,"column":null}},"14":{"start":{"line":110,"column":0},"end":{"line":117,"column":null}},"15":{"start":{"line":111,"column":0},"end":{"line":111,"column":null}},"16":{"start":{"line":114,"column":0},"end":{"line":114,"column":null}},"17":{"start":{"line":116,"column":0},"end":{"line":116,"column":null}},"18":{"start":{"line":119,"column":0},"end":{"line":119,"column":null}},"19":{"start":{"line":130,"column":0},"end":{"line":130,"column":null}},"20":{"start":{"line":131,"column":0},"end":{"line":131,"column":null}},"21":{"start":{"line":132,"column":0},"end":{"line":132,"column":null}},"22":{"start":{"line":133,"column":0},"end":{"line":136,"column":null}},"23":{"start":{"line":134,"column":0},"end":{"line":134,"column":null}},"24":{"start":{"line":135,"column":0},"end":{"line":135,"column":null}},"25":{"start":{"line":137,"column":0},"end":{"line":140,"column":null}},"26":{"start":{"line":138,"column":0},"end":{"line":138,"column":null}},"27":{"start":{"line":139,"column":0},"end":{"line":139,"column":null}},"28":{"start":{"line":141,"column":0},"end":{"line":144,"column":null}},"29":{"start":{"line":142,"column":0},"end":{"line":142,"column":null}},"30":{"start":{"line":143,"column":0},"end":{"line":143,"column":null}},"31":{"start":{"line":145,"column":0},"end":{"line":148,"column":null}},"32":{"start":{"line":146,"column":0},"end":{"line":146,"column":null}},"33":{"start":{"line":147,"column":0},"end":{"line":147,"column":null}},"34":{"start":{"line":149,"column":0},"end":{"line":149,"column":null}},"35":{"start":{"line":169,"column":0},"end":{"line":169,"column":null}},"36":{"start":{"line":178,"column":0},"end":{"line":178,"column":null}},"37":{"start":{"line":186,"column":0},"end":{"line":186,"column":null}},"38":{"start":{"line":187,"column":0},"end":{"line":187,"column":null}},"39":{"start":{"line":189,"column":0},"end":{"line":212,"column":null}},"40":{"start":{"line":190,"column":0},"end":{"line":190,"column":null}},"41":{"start":{"line":192,"column":0},"end":{"line":194,"column":null}},"42":{"start":{"line":193,"column":0},"end":{"line":193,"column":null}},"43":{"start":{"line":195,"column":0},"end":{"line":197,"column":null}},"44":{"start":{"line":196,"column":0},"end":{"line":196,"column":null}},"45":{"start":{"line":198,"column":0},"end":{"line":200,"column":null}},"46":{"start":{"line":199,"column":0},"end":{"line":199,"column":null}},"47":{"start":{"line":201,"column":0},"end":{"line":203,"column":null}},"48":{"start":{"line":202,"column":0},"end":{"line":202,"column":null}},"49":{"start":{"line":204,"column":0},"end":{"line":206,"column":null}},"50":{"start":{"line":205,"column":0},"end":{"line":205,"column":null}},"51":{"start":{"line":207,"column":0},"end":{"line":209,"column":null}},"52":{"start":{"line":208,"column":0},"end":{"line":208,"column":null}},"53":{"start":{"line":211,"column":0},"end":{"line":211,"column":null}},"54":{"start":{"line":213,"column":0},"end":{"line":213,"column":null}},"55":{"start":{"line":216,"column":0},"end":{"line":216,"column":null}},"56":{"start":{"line":217,"column":0},"end":{"line":217,"column":null}},"57":{"start":{"line":218,"column":0},"end":{"line":218,"column":null}}},"fnMap":{"0":{"name":"(anonymous_5)","decl":{"start":{"line":44,"column":0},"end":{"line":44,"column":null}},"loc":{"start":{"line":44,"column":0},"end":{"line":100,"column":null}}},"1":{"name":"(anonymous_6)","decl":{"start":{"line":80,"column":0},"end":{"line":80,"column":null}},"loc":{"start":{"line":80,"column":0},"end":{"line":82,"column":null}}},"2":{"name":"(anonymous_7)","decl":{"start":{"line":89,"column":0},"end":{"line":89,"column":null}},"loc":{"start":{"line":89,"column":0},"end":{"line":91,"column":null}}},"3":{"name":"(anonymous_8)","decl":{"start":{"line":101,"column":0},"end":{"line":101,"column":null}},"loc":{"start":{"line":101,"column":0},"end":{"line":104,"column":null}}},"4":{"name":"(anonymous_9)","decl":{"start":{"line":107,"column":0},"end":{"line":107,"column":null}},"loc":{"start":{"line":107,"column":0},"end":{"line":183,"column":null}}},"5":{"name":"(anonymous_10)","decl":{"start":{"line":110,"column":0},"end":{"line":110,"column":null}},"loc":{"start":{"line":110,"column":0},"end":{"line":117,"column":null}}},"6":{"name":"(anonymous_11)","decl":{"start":{"line":168,"column":0},"end":{"line":168,"column":null}},"loc":{"start":{"line":168,"column":0},"end":{"line":170,"column":null}}},"7":{"name":"(anonymous_12)","decl":{"start":{"line":177,"column":0},"end":{"line":177,"column":null}},"loc":{"start":{"line":177,"column":0},"end":{"line":179,"column":null}}},"8":{"name":"(anonymous_13)","decl":{"start":{"line":185,"column":0},"end":{"line":185,"column":null}},"loc":{"start":{"line":185,"column":0},"end":{"line":219,"column":null}}},"9":{"name":"(anonymous_14)","decl":{"start":{"line":189,"column":0},"end":{"line":189,"column":null}},"loc":{"start":{"line":189,"column":0},"end":{"line":212,"column":null}}}},"branchMap":{"0":{"loc":{"start":{"line":133,"column":0},"end":{"line":136,"column":null}},"type":"if","locations":[{"start":{"line":133,"column":0},"end":{"line":136,"column":null}},{"start":{"line":133,"column":0},"end":{"line":136,"column":null}}]},"1":{"loc":{"start":{"line":137,"column":0},"end":{"line":140,"column":null}},"type":"if","locations":[{"start":{"line":137,"column":0},"end":{"line":140,"column":null}},{"start":{"line":137,"column":0},"end":{"line":140,"column":null}}]},"2":{"loc":{"start":{"line":141,"column":0},"end":{"line":144,"column":null}},"type":"if","locations":[{"start":{"line":141,"column":0},"end":{"line":144,"column":null}},{"start":{"line":141,"column":0},"end":{"line":144,"column":null}}]},"3":{"loc":{"start":{"line":145,"column":0},"end":{"line":148,"column":null}},"type":"if","locations":[{"start":{"line":145,"column":0},"end":{"line":148,"column":null}},{"start":{"line":145,"column":0},"end":{"line":148,"column":null}}]},"4":{"loc":{"start":{"line":192,"column":0},"end":{"line":194,"column":null}},"type":"if","locations":[{"start":{"line":192,"column":0},"end":{"line":194,"column":null}},{"start":{"line":192,"column":0},"end":{"line":194,"column":null}}]},"5":{"loc":{"start":{"line":195,"column":0},"end":{"line":197,"column":null}},"type":"if","locations":[{"start":{"line":195,"column":0},"end":{"line":197,"column":null}},{"start":{"line":195,"column":0},"end":{"line":197,"column":null}}]},"6":{"loc":{"start":{"line":198,"column":0},"end":{"line":200,"column":null}},"type":"if","locations":[{"start":{"line":198,"column":0},"end":{"line":200,"column":null}},{"start":{"line":198,"column":0},"end":{"line":200,"column":null}}]},"7":{"loc":{"start":{"line":201,"column":0},"end":{"line":203,"column":null}},"type":"if","locations":[{"start":{"line":201,"column":0},"end":{"line":203,"column":null}},{"start":{"line":201,"column":0},"end":{"line":203,"column":null}}]},"8":{"loc":{"start":{"line":204,"column":0},"end":{"line":206,"column":null}},"type":"if","locations":[{"start":{"line":204,"column":0},"end":{"line":206,"column":null}},{"start":{"line":204,"column":0},"end":{"line":206,"column":null}}]},"9":{"loc":{"start":{"line":207,"column":0},"end":{"line":209,"column":null}},"type":"if","locations":[{"start":{"line":207,"column":0},"end":{"line":209,"column":null}},{"start":{"line":207,"column":0},"end":{"line":209,"column":null}}]}},"s":{"0":0,"1":0,"2":0,"3":0,"4":0,"5":0,"6":0,"7":0,"8":0,"9":0,"10":0,"11":0,"12":0,"13":0,"14":0,"15":0,"16":0,"17":0,"18":0,"19":0,"20":0,"21":0,"22":0,"23":0,"24":0,"25":0,"26":0,"27":0,"28":0,"29":0,"30":0,"31":0,"32":0,"33":0,"34":0,"35":0,"36":0,"37":0,"38":0,"39":0,"40":0,"41":0,"42":0,"43":0,"44":0,"45":0,"46":0,"47":0,"48":0,"49":0,"50":0,"51":0,"52":0,"53":0,"54":0,"55":0,"56":0,"57":0},"f":{"0":0,"1":0,"2":0,"3":0,"4":0,"5":0,"6":0,"7":0,"8":0,"9":0},"b":{"0":[0,0],"1":[0,0],"2":[0,0],"3":[0,0],"4":[0,0],"5":[0,0],"6":[0,0],"7":[0,0],"8":[0,0],"9":[0,0]}}
,"/Users/macbookpro/Documents/TimeOverGrow-new/pages/index.vue": {"path":"/Users/macbookpro/Documents/TimeOverGrow-new/pages/index.vue","statementMap":{"0":{"start":{"line":16,"column":0},"end":{"line":16,"column":null}},"1":{"start":{"line":17,"column":0},"end":{"line":17,"column":null}}},"fnMap":{},"branchMap":{},"s":{"0":0,"1":0},"f":{},"b":{}}
,"/Users/macbookpro/Documents/TimeOverGrow-new/pages/login.vue": {"path":"/Users/macbookpro/Documents/TimeOverGrow-new/pages/login.vue","statementMap":{"0":{"start":{"line":64,"column":0},"end":{"line":64,"column":null}},"1":{"start":{"line":65,"column":0},"end":{"line":65,"column":null}},"2":{"start":{"line":73,"column":0},"end":{"line":73,"column":null}},"3":{"start":{"line":85,"column":0},"end":{"line":104,"column":null}},"4":{"start":{"line":91,"column":0},"end":{"line":91,"column":null}},"5":{"start":{"line":92,"column":0},"end":{"line":92,"column":null}},"6":{"start":{"line":93,"column":0},"end":{"line":93,"column":null}},"7":{"start":{"line":98,"column":0},"end":{"line":98,"column":null}},"8":{"start":{"line":99,"column":0},"end":{"line":103,"column":null}},"9":{"start":{"line":100,"column":0},"end":{"line":100,"column":null}},"10":{"start":{"line":102,"column":0},"end":{"line":102,"column":null}}},"fnMap":{"0":{"name":"(anonymous_2)","decl":{"start":{"line":72,"column":0},"end":{"line":72,"column":null}},"loc":{"start":{"line":72,"column":0},"end":{"line":82,"column":null}}},"1":{"name":"(anonymous_3)","decl":{"start":{"line":84,"column":0},"end":{"line":84,"column":null}},"loc":{"start":{"line":84,"column":0},"end":{"line":105,"column":null}}},"2":{"name":"(anonymous_4)","decl":{"start":{"line":86,"column":0},"end":{"line":86,"column":null}},"loc":{"start":{"line":86,"column":0},"end":{"line":96,"column":null}}},"3":{"name":"(anonymous_5)","decl":{"start":{"line":96,"column":0},"end":{"line":96,"column":null}},"loc":{"start":{"line":96,"column":0},"end":{"line":104,"column":null}}}},"branchMap":{"0":{"loc":{"start":{"line":99,"column":0},"end":{"line":103,"column":null}},"type":"if","locations":[{"start":{"line":99,"column":0},"end":{"line":103,"column":null}},{"start":{"line":99,"column":0},"end":{"line":103,"column":null}}]}},"s":{"0":0,"1":0,"2":0,"3":0,"4":0,"5":0,"6":0,"7":0,"8":0,"9":0,"10":0},"f":{"0":0,"1":0,"2":0,"3":0},"b":{"0":[0,0]}}
,"/Users/macbookpro/Documents/TimeOverGrow-new/pages/register.vue": {"path":"/Users/macbookpro/Documents/TimeOverGrow-new/pages/register.vue","statementMap":{"0":{"start":{"line":85,"column":0},"end":{"line":85,"column":null}},"1":{"start":{"line":86,"column":0},"end":{"line":86,"column":null}},"2":{"start":{"line":87,"column":0},"end":{"line":87,"column":null}},"3":{"start":{"line":95,"column":0},"end":{"line":95,"column":null}},"4":{"start":{"line":104,"column":0},"end":{"line":108,"column":null}},"5":{"start":{"line":105,"column":0},"end":{"line":105,"column":null}},"6":{"start":{"line":107,"column":0},"end":{"line":107,"column":null}},"7":{"start":{"line":111,"column":0},"end":{"line":111,"column":null}},"8":{"start":{"line":117,"column":0},"end":{"line":121,"column":null}},"9":{"start":{"line":118,"column":0},"end":{"line":118,"column":null}},"10":{"start":{"line":120,"column":0},"end":{"line":120,"column":null}},"11":{"start":{"line":129,"column":0},"end":{"line":129,"column":null}},"12":{"start":{"line":132,"column":0},"end":{"line":132,"column":null}},"13":{"start":{"line":133,"column":0},"end":{"line":133,"column":null}},"14":{"start":{"line":135,"column":0},"end":{"line":135,"column":null}},"15":{"start":{"line":140,"column":0},"end":{"line":140,"column":null}},"16":{"start":{"line":145,"column":0},"end":{"line":145,"column":null}},"17":{"start":{"line":150,"column":0},"end":{"line":150,"column":null}},"18":{"start":{"line":155,"column":0},"end":{"line":155,"column":null}},"19":{"start":{"line":164,"column":0},"end":{"line":190,"column":null}},"20":{"start":{"line":165,"column":0},"end":{"line":189,"column":null}},"21":{"start":{"line":171,"column":0},"end":{"line":171,"column":null}},"22":{"start":{"line":172,"column":0},"end":{"line":172,"column":null}},"23":{"start":{"line":173,"column":0},"end":{"line":173,"column":null}},"24":{"start":{"line":182,"column":0},"end":{"line":188,"column":null}},"25":{"start":{"line":183,"column":0},"end":{"line":183,"column":null}},"26":{"start":{"line":184,"column":0},"end":{"line":188,"column":null}},"27":{"start":{"line":185,"column":0},"end":{"line":185,"column":null}},"28":{"start":{"line":187,"column":0},"end":{"line":187,"column":null}}},"fnMap":{"0":{"name":"(anonymous_2)","decl":{"start":{"line":94,"column":0},"end":{"line":94,"column":null}},"loc":{"start":{"line":94,"column":0},"end":{"line":126,"column":null}}},"1":{"name":"(anonymous_3)","decl":{"start":{"line":102,"column":0},"end":{"line":102,"column":null}},"loc":{"start":{"line":102,"column":0},"end":{"line":109,"column":null}}},"2":{"name":"(anonymous_4)","decl":{"start":{"line":111,"column":0},"end":{"line":111,"column":null}},"loc":{"start":{"line":111,"column":0},"end":{"line":111,"column":null}}},"3":{"name":"(anonymous_6)","decl":{"start":{"line":115,"column":0},"end":{"line":115,"column":null}},"loc":{"start":{"line":115,"column":0},"end":{"line":122,"column":null}}},"4":{"name":"(anonymous_7)","decl":{"start":{"line":128,"column":0},"end":{"line":128,"column":null}},"loc":{"start":{"line":128,"column":0},"end":{"line":130,"column":null}}},"5":{"name":"(anonymous_8)","decl":{"start":{"line":131,"column":0},"end":{"line":131,"column":null}},"loc":{"start":{"line":131,"column":0},"end":{"line":160,"column":null}}},"6":{"name":"(anonymous_9)","decl":{"start":{"line":163,"column":0},"end":{"line":163,"column":null}},"loc":{"start":{"line":163,"column":0},"end":{"line":191,"column":null}}},"7":{"name":"(anonymous_10)","decl":{"start":{"line":166,"column":0},"end":{"line":166,"column":null}},"loc":{"start":{"line":166,"column":0},"end":{"line":180,"column":null}}},"8":{"name":"(anonymous_11)","decl":{"start":{"line":180,"column":0},"end":{"line":180,"column":null}},"loc":{"start":{"line":180,"column":0},"end":{"line":189,"column":null}}}},"branchMap":{"0":{"loc":{"start":{"line":104,"column":0},"end":{"line":108,"column":null}},"type":"if","locations":[{"start":{"line":104,"column":0},"end":{"line":108,"column":null}},{"start":{"line":104,"column":0},"end":{"line":108,"column":null}}]},"1":{"loc":{"start":{"line":105,"column":0},"end":{"line":105,"column":null}},"type":"binary-expr","locations":[{"start":{"line":105,"column":0},"end":{"line":105,"column":null}},{"start":{"line":105,"column":0},"end":{"line":105,"column":null}}]},"2":{"loc":{"start":{"line":111,"column":0},"end":{"line":111,"column":null}},"type":"binary-expr","locations":[{"start":{"line":111,"column":0},"end":{"line":111,"column":null}},{"start":{"line":111,"column":0},"end":{"line":111,"column":null}}]},"3":{"loc":{"start":{"line":117,"column":0},"end":{"line":121,"column":null}},"type":"if","locations":[{"start":{"line":117,"column":0},"end":{"line":121,"column":null}},{"start":{"line":117,"column":0},"end":{"line":121,"column":null}}]},"4":{"loc":{"start":{"line":118,"column":0},"end":{"line":118,"column":null}},"type":"binary-expr","locations":[{"start":{"line":118,"column":0},"end":{"line":118,"column":null}},{"start":{"line":118,"column":0},"end":{"line":118,"column":null}}]},"5":{"loc":{"start":{"line":134,"column":0},"end":{"line":135,"column":null}},"type":"switch","locations":[{"start":{"line":134,"column":0},"end":{"line":135,"column":null}},{"start":{"line":139,"column":0},"end":{"line":140,"column":null}},{"start":{"line":144,"column":0},"end":{"line":145,"column":null}},{"start":{"line":149,"column":0},"end":{"line":150,"column":null}},{"start":{"line":154,"column":0},"end":{"line":155,"column":null}}]},"6":{"loc":{"start":{"line":164,"column":0},"end":{"line":190,"column":null}},"type":"if","locations":[{"start":{"line":164,"column":0},"end":{"line":190,"column":null}},{"start":{"line":164,"column":0},"end":{"line":190,"column":null}}]},"7":{"loc":{"start":{"line":182,"column":0},"end":{"line":188,"column":null}},"type":"if","locations":[{"start":{"line":182,"column":0},"end":{"line":188,"column":null}},{"start":{"line":182,"column":0},"end":{"line":188,"column":null}}]},"8":{"loc":{"start":{"line":184,"column":0},"end":{"line":188,"column":null}},"type":"if","locations":[{"start":{"line":184,"column":0},"end":{"line":188,"column":null}},{"start":{"line":184,"column":0},"end":{"line":188,"column":null}}]}},"s":{"0":0,"1":0,"2":0,"3":0,"4":0,"5":0,"6":0,"7":0,"8":0,"9":0,"10":0,"11":0,"12":0,"13":0,"14":0,"15":0,"16":0,"17":0,"18":0,"19":0,"20":0,"21":0,"22":0,"23":0,"24":0,"25":0,"26":0,"27":0,"28":0},"f":{"0":0,"1":0,"2":0,"3":0,"4":0,"5":0,"6":0,"7":0,"8":0},"b":{"0":[0,0],"1":[0,0],"2":[0,0],"3":[0,0],"4":[0,0],"5":[0,0,0,0,0],"6":[0,0],"7":[0,0],"8":[0,0]}}
,"/Users/macbookpro/Documents/TimeOverGrow-new/pages/top.vue": {"path":"/Users/macbookpro/Documents/TimeOverGrow-new/pages/top.vue","statementMap":{"0":{"start":{"line":88,"column":0},"end":{"line":88,"column":null}},"1":{"start":{"line":95,"column":0},"end":{"line":95,"column":null}},"2":{"start":{"line":104,"column":0},"end":{"line":113,"column":null}},"3":{"start":{"line":107,"column":0},"end":{"line":107,"column":null}},"4":{"start":{"line":112,"column":0},"end":{"line":112,"column":null}},"5":{"start":{"line":116,"column":0},"end":{"line":132,"column":null}},"6":{"start":{"line":122,"column":0},"end":{"line":122,"column":null}},"7":{"start":{"line":127,"column":0},"end":{"line":131,"column":null}},"8":{"start":{"line":128,"column":0},"end":{"line":128,"column":null}},"9":{"start":{"line":130,"column":0},"end":{"line":130,"column":null}}},"fnMap":{"0":{"name":"(anonymous_2)","decl":{"start":{"line":94,"column":0},"end":{"line":94,"column":null}},"loc":{"start":{"line":94,"column":0},"end":{"line":101,"column":null}}},"1":{"name":"(anonymous_3)","decl":{"start":{"line":103,"column":0},"end":{"line":103,"column":null}},"loc":{"start":{"line":103,"column":0},"end":{"line":114,"column":null}}},"2":{"name":"(anonymous_4)","decl":{"start":{"line":104,"column":0},"end":{"line":104,"column":null}},"loc":{"start":{"line":104,"column":0},"end":{"line":110,"column":null}}},"3":{"name":"(anonymous_5)","decl":{"start":{"line":110,"column":0},"end":{"line":110,"column":null}},"loc":{"start":{"line":110,"column":0},"end":{"line":113,"column":null}}},"4":{"name":"(anonymous_6)","decl":{"start":{"line":115,"column":0},"end":{"line":115,"column":null}},"loc":{"start":{"line":115,"column":0},"end":{"line":133,"column":null}}},"5":{"name":"(anonymous_7)","decl":{"start":{"line":117,"column":0},"end":{"line":117,"column":null}},"loc":{"start":{"line":117,"column":0},"end":{"line":125,"column":null}}},"6":{"name":"(anonymous_8)","decl":{"start":{"line":125,"column":0},"end":{"line":125,"column":null}},"loc":{"start":{"line":125,"column":0},"end":{"line":132,"column":null}}}},"branchMap":{"0":{"loc":{"start":{"line":127,"column":0},"end":{"line":131,"column":null}},"type":"if","locations":[{"start":{"line":127,"column":0},"end":{"line":131,"column":null}},{"start":{"line":127,"column":0},"end":{"line":131,"column":null}}]}},"s":{"0":0,"1":0,"2":0,"3":0,"4":0,"5":0,"6":0,"7":0,"8":0,"9":0},"f":{"0":0,"1":0,"2":0,"3":0,"4":0,"5":0,"6":0},"b":{"0":[0,0]}}
}
