TN:
SF:components/Button.vue
FN:29,(anonymous_1)
FN:34,(anonymous_2)
FNF:2
FNH:1
FNDA:1,(anonymous_1)
FNDA:0,(anonymous_2)
DA:30,1
DA:35,0
DA:36,0
DA:38,0
DA:39,0
DA:41,0
LF:6
LH:1
BRDA:35,0,0,0
BRDA:35,0,1,0
BRDA:35,1,0,0
BRDA:35,1,1,0
BRDA:38,2,0,0
BRDA:38,2,1,0
BRF:6
BRH:0
end_of_record
TN:
SF:components/Chart.vue
FN:15,(anonymous_1)
FN:19,(anonymous_2)
FNF:2
FNH:0
FNDA:0,(anonymous_1)
FNDA:0,(anonymous_2)
DA:2,0
DA:3,0
DA:16,0
DA:20,0
LF:4
LH:0
BRF:0
BRH:0
end_of_record
TN:
SF:components/DialogEdit.vue
FN:154,(anonymous_5)
FN:172,(anonymous_6)
FN:175,(anonymous_7)
FN:180,(anonymous_8)
FN:183,(anonymous_9)
FN:188,(anonymous_10)
FN:191,(anonymous_11)
FN:197,(anonymous_12)
FN:199,(anonymous_13)
FN:211,(anonymous_14)
FN:220,(anonymous_15)
FN:224,(anonymous_16)
FN:229,(anonymous_17)
FN:238,(anonymous_18)
FN:254,(anonymous_19)
FN:262,(anonymous_20)
FN:270,(anonymous_21)
FN:274,(anonymous_22)
FN:277,(anonymous_23)
FN:280,(anonymous_24)
FN:284,(anonymous_25)
FN:296,(anonymous_26)
FN:297,(anonymous_27)
FN:311,(anonymous_28)
FN:320,(anonymous_29)
FN:323,(anonymous_30)
FNF:26
FNH:0
FNDA:0,(anonymous_5)
FNDA:0,(anonymous_6)
FNDA:0,(anonymous_7)
FNDA:0,(anonymous_8)
FNDA:0,(anonymous_9)
FNDA:0,(anonymous_10)
FNDA:0,(anonymous_11)
FNDA:0,(anonymous_12)
FNDA:0,(anonymous_13)
FNDA:0,(anonymous_14)
FNDA:0,(anonymous_15)
FNDA:0,(anonymous_16)
FNDA:0,(anonymous_17)
FNDA:0,(anonymous_18)
FNDA:0,(anonymous_19)
FNDA:0,(anonymous_20)
FNDA:0,(anonymous_21)
FNDA:0,(anonymous_22)
FNDA:0,(anonymous_23)
FNDA:0,(anonymous_24)
FNDA:0,(anonymous_25)
FNDA:0,(anonymous_26)
FNDA:0,(anonymous_27)
FNDA:0,(anonymous_28)
FNDA:0,(anonymous_29)
FNDA:0,(anonymous_30)
DA:128,0
DA:129,0
DA:130,0
DA:155,0
DA:173,0
DA:176,0
DA:181,0
DA:184,0
DA:189,0
DA:192,0
DA:198,0
DA:199,0
DA:200,0
DA:201,0
DA:204,0
DA:206,0
DA:207,0
DA:212,0
DA:213,0
DA:214,0
DA:216,0
DA:221,0
DA:222,0
DA:223,0
DA:224,0
DA:225,0
DA:226,0
DA:227,0
DA:228,0
DA:229,0
DA:230,0
DA:231,0
DA:234,0
DA:235,0
DA:236,0
DA:238,0
DA:239,0
DA:242,0
DA:250,0
DA:255,0
DA:256,0
DA:262,0
DA:263,0
DA:264,0
DA:267,0
DA:271,0
DA:272,0
DA:275,0
DA:278,0
DA:281,0
DA:285,0
DA:286,0
DA:289,0
DA:292,0
DA:294,0
DA:296,0
DA:297,0
DA:300,0
DA:305,0
DA:307,0
DA:308,0
DA:309,0
DA:312,0
DA:313,0
DA:314,0
DA:316,0
DA:317,0
DA:321,0
DA:323,0
DA:325,0
DA:326,0
DA:328,0
LF:72
LH:0
BRDA:198,0,0,0
BRDA:198,0,1,0
BRDA:200,1,0,0
BRDA:200,1,1,0
BRDA:227,2,0,0
BRDA:227,2,1,0
BRDA:235,3,0,0
BRDA:235,3,1,0
BRDA:312,4,0,0
BRDA:312,4,1,0
BRDA:321,5,0,0
BRDA:321,5,1,0
BRDA:323,6,0,0
BRDA:323,6,1,0
BRF:14
BRH:0
end_of_record
TN:
SF:components/Main.vue
FN:59,(anonymous_5)
FN:101,(anonymous_6)
FN:110,(anonymous_7)
FN:119,(anonymous_8)
FN:123,(anonymous_9)
FN:127,(anonymous_10)
FN:131,(anonymous_11)
FN:185,(anonymous_12)
FN:194,(anonymous_13)
FN:201,(anonymous_14)
FN:206,(anonymous_15)
FN:212,(anonymous_16)
FN:221,(anonymous_17)
FN:226,(anonymous_18)
FN:233,(anonymous_19)
FN:239,(anonymous_20)
FN:244,(anonymous_21)
FN:272,(anonymous_22)
FN:281,(anonymous_23)
FNF:19
FNH:0
FNDA:0,(anonymous_5)
FNDA:0,(anonymous_6)
FNDA:0,(anonymous_7)
FNDA:0,(anonymous_8)
FNDA:0,(anonymous_9)
FNDA:0,(anonymous_10)
FNDA:0,(anonymous_11)
FNDA:0,(anonymous_12)
FNDA:0,(anonymous_13)
FNDA:0,(anonymous_14)
FNDA:0,(anonymous_15)
FNDA:0,(anonymous_16)
FNDA:0,(anonymous_17)
FNDA:0,(anonymous_18)
FNDA:0,(anonymous_19)
FNDA:0,(anonymous_20)
FNDA:0,(anonymous_21)
FNDA:0,(anonymous_22)
FNDA:0,(anonymous_23)
DA:42,0
DA:43,0
DA:44,0
DA:45,0
DA:46,0
DA:47,0
DA:48,0
DA:49,0
DA:60,0
DA:102,0
DA:111,0
DA:120,0
DA:124,0
DA:128,0
DA:129,0
DA:132,0
DA:133,0
DA:134,0
DA:135,0
DA:148,0
DA:149,0
DA:150,0
DA:151,0
DA:152,0
DA:154,0
DA:155,0
DA:156,0
DA:158,0
DA:159,0
DA:160,0
DA:162,0
DA:163,0
DA:164,0
DA:166,0
DA:186,0
DA:195,0
DA:202,0
DA:203,0
DA:207,0
DA:208,0
DA:209,0
DA:210,0
DA:211,0
DA:212,0
DA:213,0
DA:214,0
DA:217,0
DA:218,0
DA:219,0
DA:222,0
DA:223,0
DA:227,0
DA:230,0
DA:231,0
DA:233,0
DA:234,0
DA:235,0
DA:237,0
DA:239,0
DA:240,0
DA:242,0
DA:243,0
DA:244,0
DA:246,0
DA:247,0
DA:249,0
DA:250,0
DA:252,0
DA:256,0
DA:260,0
DA:265,0
DA:273,0
DA:274,0
DA:275,0
DA:276,0
DA:278,0
DA:282,0
DA:283,0
DA:284,0
DA:285,0
DA:286,0
DA:288,0
LF:82
LH:0
BRDA:150,0,0,0
BRDA:150,0,1,0
BRDA:154,1,0,0
BRDA:154,1,1,0
BRDA:158,2,0,0
BRDA:158,2,1,0
BRDA:162,3,0,0
BRDA:162,3,1,0
BRDA:249,4,0,0
BRDA:249,4,1,0
BRF:10
BRH:0
end_of_record
TN:
SF:components/Message.vue
FN:74,(anonymous_5)
FN:80,(anonymous_6)
FN:85,(anonymous_7)
FN:109,(anonymous_8)
FNF:4
FNH:0
FNDA:0,(anonymous_5)
FNDA:0,(anonymous_6)
FNDA:0,(anonymous_7)
FNDA:0,(anonymous_8)
DA:39,0
DA:40,0
DA:41,0
DA:75,0
DA:76,0
DA:77,0
DA:78,0
DA:80,0
DA:81,0
DA:83,0
DA:84,0
DA:85,0
DA:87,0
DA:88,0
DA:90,0
DA:91,0
DA:93,0
DA:97,0
DA:100,0
DA:101,0
DA:104,0
DA:106,0
DA:110,0
DA:111,0
DA:112,0
DA:113,0
LF:26
LH:0
BRDA:90,0,0,0
BRDA:90,0,1,0
BRDA:100,1,0,0
BRDA:100,1,1,0
BRF:4
BRH:0
end_of_record
TN:
SF:components/MessageList.vue
FN:30,(anonymous_2)
FN:31,(anonymous_3)
FN:47,(anonymous_4)
FN:50,(anonymous_5)
FNF:4
FNH:0
FNDA:0,(anonymous_2)
FNDA:0,(anonymous_3)
FNDA:0,(anonymous_4)
FNDA:0,(anonymous_5)
DA:20,0
DA:31,0
DA:35,0
DA:36,0
DA:38,0
DA:39,0
DA:41,0
DA:48,0
DA:51,0
DA:52,0
LF:10
LH:0
BRDA:35,0,0,0
BRDA:35,0,1,0
BRDA:38,1,0,0
BRDA:38,1,1,0
BRF:4
BRH:0
end_of_record
TN:
SF:components/SocialLogin.vue
FN:47,(anonymous_1)
FN:48,(anonymous_2)
FN:54,(anonymous_3)
FN:59,(anonymous_4)
FN:61,(anonymous_5)
FN:69,(anonymous_6)
FNF:6
FNH:0
FNDA:0,(anonymous_1)
FNDA:0,(anonymous_2)
FNDA:0,(anonymous_3)
FNDA:0,(anonymous_4)
FNDA:0,(anonymous_5)
FNDA:0,(anonymous_6)
DA:48,0
DA:51,0
DA:56,0
DA:60,0
DA:66,0
DA:71,0
DA:72,0
DA:73,0
DA:75,0
LF:9
LH:0
BRDA:72,0,0,0
BRDA:72,0,1,0
BRF:2
BRH:0
end_of_record
TN:
SF:components/TextBox.vue
FN:148,(anonymous_5)
FN:165,(anonymous_6)
FN:167,(anonymous_7)
FN:180,(anonymous_8)
FN:185,(anonymous_9)
FN:200,(anonymous_10)
FN:205,(anonymous_11)
FN:214,(anonymous_12)
FN:240,(anonymous_13)
FN:248,(anonymous_14)
FN:256,(anonymous_15)
FN:260,(anonymous_16)
FN:263,(anonymous_17)
FN:267,(anonymous_18)
FN:284,(anonymous_19)
FN:285,(anonymous_20)
FN:299,(anonymous_21)
FN:307,(anonymous_22)
FN:312,(anonymous_23)
FNF:19
FNH:0
FNDA:0,(anonymous_5)
FNDA:0,(anonymous_6)
FNDA:0,(anonymous_7)
FNDA:0,(anonymous_8)
FNDA:0,(anonymous_9)
FNDA:0,(anonymous_10)
FNDA:0,(anonymous_11)
FNDA:0,(anonymous_12)
FNDA:0,(anonymous_13)
FNDA:0,(anonymous_14)
FNDA:0,(anonymous_15)
FNDA:0,(anonymous_16)
FNDA:0,(anonymous_17)
FNDA:0,(anonymous_18)
FNDA:0,(anonymous_19)
FNDA:0,(anonymous_20)
FNDA:0,(anonymous_21)
FNDA:0,(anonymous_22)
FNDA:0,(anonymous_23)
DA:125,0
DA:126,0
DA:127,0
DA:128,0
DA:129,0
DA:130,0
DA:132,0
DA:149,0
DA:166,0
DA:167,0
DA:168,0
DA:169,0
DA:172,0
DA:175,0
DA:176,0
DA:181,0
DA:182,0
DA:186,0
DA:188,0
DA:195,0
DA:197,0
DA:198,0
DA:200,0
DA:201,0
DA:202,0
DA:203,0
DA:204,0
DA:205,0
DA:206,0
DA:207,0
DA:210,0
DA:211,0
DA:212,0
DA:214,0
DA:215,0
DA:218,0
DA:219,0
DA:222,0
DA:230,0
DA:231,0
DA:232,0
DA:233,0
DA:234,0
DA:236,0
DA:241,0
DA:242,0
DA:248,0
DA:249,0
DA:250,0
DA:253,0
DA:257,0
DA:258,0
DA:261,0
DA:264,0
DA:268,0
DA:269,0
DA:272,0
DA:274,0
DA:276,0
DA:280,0
DA:282,0
DA:284,0
DA:285,0
DA:288,0
DA:293,0
DA:295,0
DA:296,0
DA:297,0
DA:300,0
DA:301,0
DA:302,0
DA:304,0
DA:308,0
DA:309,0
DA:312,0
DA:313,0
DA:314,0
DA:316,0
LF:78
LH:0
BRDA:166,0,0,0
BRDA:166,0,1,0
BRDA:168,1,0,0
BRDA:168,1,1,0
BRDA:203,2,0,0
BRDA:203,2,1,0
BRDA:211,3,0,0
BRDA:211,3,1,0
BRDA:218,4,0,0
BRDA:218,4,1,0
BRDA:300,5,0,0
BRDA:300,5,1,0
BRDA:308,6,0,0
BRDA:308,6,1,0
BRDA:312,7,0,0
BRDA:312,7,1,0
BRF:16
BRH:0
end_of_record
TN:
SF:components/TotalTime.vue
FN:30,(anonymous_1)
FNF:1
FNH:0
FNDA:0,(anonymous_1)
DA:31,0
LF:1
LH:0
BRF:0
BRH:0
end_of_record
TN:
SF:pages/MyPage.vue
FN:44,(anonymous_5)
FN:80,(anonymous_6)
FN:89,(anonymous_7)
FN:101,(anonymous_8)
FN:107,(anonymous_9)
FN:110,(anonymous_10)
FN:168,(anonymous_11)
FN:177,(anonymous_12)
FN:185,(anonymous_13)
FN:189,(anonymous_14)
FNF:10
FNH:0
FNDA:0,(anonymous_5)
FNDA:0,(anonymous_6)
FNDA:0,(anonymous_7)
FNDA:0,(anonymous_8)
FNDA:0,(anonymous_9)
FNDA:0,(anonymous_10)
FNDA:0,(anonymous_11)
FNDA:0,(anonymous_12)
FNDA:0,(anonymous_13)
FNDA:0,(anonymous_14)
DA:30,0
DA:31,0
DA:32,0
DA:33,0
DA:34,0
DA:35,0
DA:36,0
DA:45,0
DA:81,0
DA:90,0
DA:102,0
DA:103,0
DA:108,0
DA:109,0
DA:110,0
DA:111,0
DA:114,0
DA:116,0
DA:119,0
DA:130,0
DA:131,0
DA:132,0
DA:133,0
DA:134,0
DA:135,0
DA:137,0
DA:138,0
DA:139,0
DA:141,0
DA:142,0
DA:143,0
DA:145,0
DA:146,0
DA:147,0
DA:149,0
DA:169,0
DA:178,0
DA:186,0
DA:187,0
DA:189,0
DA:190,0
DA:192,0
DA:193,0
DA:195,0
DA:196,0
DA:198,0
DA:199,0
DA:201,0
DA:202,0
DA:204,0
DA:205,0
DA:207,0
DA:208,0
DA:211,0
DA:213,0
DA:216,0
DA:217,0
DA:218,0
LF:58
LH:0
BRDA:133,0,0,0
BRDA:133,0,1,0
BRDA:137,1,0,0
BRDA:137,1,1,0
BRDA:141,2,0,0
BRDA:141,2,1,0
BRDA:145,3,0,0
BRDA:145,3,1,0
BRDA:192,4,0,0
BRDA:192,4,1,0
BRDA:195,5,0,0
BRDA:195,5,1,0
BRDA:198,6,0,0
BRDA:198,6,1,0
BRDA:201,7,0,0
BRDA:201,7,1,0
BRDA:204,8,0,0
BRDA:204,8,1,0
BRDA:207,9,0,0
BRDA:207,9,1,0
BRF:20
BRH:0
end_of_record
TN:
SF:pages/index.vue
FNF:0
FNH:0
DA:16,0
DA:17,0
LF:2
LH:0
BRF:0
BRH:0
end_of_record
TN:
SF:pages/login.vue
FN:72,(anonymous_2)
FN:84,(anonymous_3)
FN:86,(anonymous_4)
FN:96,(anonymous_5)
FNF:4
FNH:0
FNDA:0,(anonymous_2)
FNDA:0,(anonymous_3)
FNDA:0,(anonymous_4)
FNDA:0,(anonymous_5)
DA:64,0
DA:65,0
DA:73,0
DA:85,0
DA:91,0
DA:92,0
DA:93,0
DA:98,0
DA:99,0
DA:100,0
DA:102,0
LF:11
LH:0
BRDA:99,0,0,0
BRDA:99,0,1,0
BRF:2
BRH:0
end_of_record
TN:
SF:pages/register.vue
FN:94,(anonymous_2)
FN:102,(anonymous_3)
FN:111,(anonymous_4)
FN:115,(anonymous_6)
FN:128,(anonymous_7)
FN:131,(anonymous_8)
FN:163,(anonymous_9)
FN:166,(anonymous_10)
FN:180,(anonymous_11)
FNF:9
FNH:0
FNDA:0,(anonymous_2)
FNDA:0,(anonymous_3)
FNDA:0,(anonymous_4)
FNDA:0,(anonymous_6)
FNDA:0,(anonymous_7)
FNDA:0,(anonymous_8)
FNDA:0,(anonymous_9)
FNDA:0,(anonymous_10)
FNDA:0,(anonymous_11)
DA:85,0
DA:86,0
DA:87,0
DA:95,0
DA:104,0
DA:105,0
DA:107,0
DA:111,0
DA:117,0
DA:118,0
DA:120,0
DA:129,0
DA:132,0
DA:133,0
DA:135,0
DA:140,0
DA:145,0
DA:150,0
DA:155,0
DA:164,0
DA:165,0
DA:171,0
DA:172,0
DA:173,0
DA:182,0
DA:183,0
DA:184,0
DA:185,0
DA:187,0
LF:29
LH:0
BRDA:104,0,0,0
BRDA:104,0,1,0
BRDA:105,1,0,0
BRDA:105,1,1,0
BRDA:111,2,0,0
BRDA:111,2,1,0
BRDA:117,3,0,0
BRDA:117,3,1,0
BRDA:118,4,0,0
BRDA:118,4,1,0
BRDA:134,5,0,0
BRDA:134,5,1,0
BRDA:134,5,2,0
BRDA:134,5,3,0
BRDA:134,5,4,0
BRDA:164,6,0,0
BRDA:164,6,1,0
BRDA:182,7,0,0
BRDA:182,7,1,0
BRDA:184,8,0,0
BRDA:184,8,1,0
BRF:21
BRH:0
end_of_record
TN:
SF:pages/top.vue
FN:94,(anonymous_2)
FN:103,(anonymous_3)
FN:104,(anonymous_4)
FN:110,(anonymous_5)
FN:115,(anonymous_6)
FN:117,(anonymous_7)
FN:125,(anonymous_8)
FNF:7
FNH:0
FNDA:0,(anonymous_2)
FNDA:0,(anonymous_3)
FNDA:0,(anonymous_4)
FNDA:0,(anonymous_5)
FNDA:0,(anonymous_6)
FNDA:0,(anonymous_7)
FNDA:0,(anonymous_8)
DA:88,0
DA:95,0
DA:104,0
DA:107,0
DA:112,0
DA:116,0
DA:122,0
DA:127,0
DA:128,0
DA:130,0
LF:10
LH:0
BRDA:127,0,0,0
BRDA:127,0,1,0
BRF:2
BRH:0
end_of_record
